<?xml version="1.0" encoding="UTF-8"?>
<!-- Generated by org.testng.reporters.JUnitReportReporter -->
<testsuite hostname="DESKTOP-1VAV4VA" failures="0" tests="3" name="studentApiTest.PostAPITest" time="0.855" errors="0" timestamp="2021-02-19T11:05:27 IST" skipped="0">
  <testcase classname="studentApiTest.PostAPITest" name="productpostVendor" time="0.213"/>
  <system-out/>
  <testcase classname="studentApiTest.PostAPITest" name="postVendor" time="0.207"/>
  <system-out/>
  <testcase classname="studentApiTest.PostAPITest" name="postCustomer" time="0.435"/>
  <system-out/>
</testsuite> <!-- studentApiTest.PostAPITest -->
