<?xml version="1.0" encoding="UTF-8"?>
<!-- Generated by org.testng.reporters.JUnitReportReporter -->
<testsuite hostname="DESKTOP-1VAV4VA" failures="0" tests="2" name="studentApiTest.PutAPITest" time="1.471" errors="0" timestamp="2021-02-17T11:54:50 IST" skipped="0">
  <testcase classname="studentApiTest.PutAPITest" name="putVendor" time="0.720"/>
  <system-out/>
  <testcase classname="studentApiTest.PutAPITest" name="putProduct" time="0.751"/>
  <system-out/>
</testsuite> <!-- studentApiTest.PutAPITest -->
