<?xml version="1.0" encoding="UTF-8"?>
<!-- Generated by org.testng.reporters.JUnitReportReporter -->
<testsuite hostname="DESKTOP-1VAV4VA" failures="0" tests="3" name="studentApiTest.PostAPITest" time="0.873" errors="0" timestamp="2021-02-18T16:45:46 IST" skipped="0">
  <testcase classname="studentApiTest.PostAPITest" name="postVendor" time="0.230"/>
  <system-out/>
  <testcase classname="studentApiTest.PostAPITest" name="productpostVendor" time="0.247"/>
  <system-out/>
  <testcase classname="studentApiTest.PostAPITest" name="postCustomer" time="0.396"/>
  <system-out/>
</testsuite> <!-- studentApiTest.PostAPITest -->
