<?xml version="1.0" encoding="UTF-8"?>
<!-- Generated by org.testng.reporters.JUnitReportReporter -->
<testsuite hostname="DESKTOP-1VAV4VA" failures="0" tests="3" name="studentApiTest.PostAPITest" time="0.895" errors="0" timestamp="2021-02-17T11:54:50 IST" skipped="0">
  <testcase classname="studentApiTest.PostAPITest" name="postCustomer" time="0.448"/>
  <system-out/>
  <testcase classname="studentApiTest.PostAPITest" name="productpostVendor" time="0.233"/>
  <system-out/>
  <testcase classname="studentApiTest.PostAPITest" name="postVendor" time="0.214"/>
  <system-out/>
</testsuite> <!-- studentApiTest.PostAPITest -->
