<?xml version="1.0" encoding="UTF-8"?>
<!-- Generated by org.testng.reporters.JUnitReportReporter -->
<testsuite hostname="DESKTOP-1VAV4VA" failures="0" tests="1" name="utils.Fields" time="0.006" errors="0" timestamp="2021-02-01T12:40:12 IST" skipped="0">
  <testcase classname="utils.Fields" name="phonenumber" time="0.006"/>
  <system-out/>
</testsuite> <!-- utils.Fields -->
