<?xml version="1.0" encoding="UTF-8"?>
<!-- Generated by org.testng.reporters.JUnitReportReporter -->
<testsuite hostname="DESKTOP-1VAV4VA" failures="0" tests="10" name="studentApiTest.GetAPITests" time="5.790" errors="0" timestamp="2021-02-17T11:54:50 IST" skipped="0">
  <testcase classname="studentApiTest.GetAPITests" name="getAllVendors" time="0.451"/>
  <system-out/>
  <testcase classname="studentApiTest.GetAPITests" name="getSingleProduct" time="0.741"/>
  <system-out/>
  <testcase classname="studentApiTest.GetAPITests" name="getSingleItem" time="0.720"/>
  <system-out/>
  <testcase classname="studentApiTest.GetAPITests" name="getAllProducts" time="0.281"/>
  <system-out/>
  <testcase classname="studentApiTest.GetAPITests" name="getCompanyName" time="0.223"/>
  <system-out/>
  <testcase classname="studentApiTest.GetAPITests" name="getSingleCustomer" time="1.035"/>
  <system-out/>
  <testcase classname="studentApiTest.GetAPITests" name="getAllCustomers" time="1.159"/>
  <system-out/>
  <testcase classname="studentApiTest.GetAPITests" name="getItemDetails" time="0.251"/>
  <system-out/>
  <testcase classname="studentApiTest.GetAPITests" name="getVendorDetails" time="0.230"/>
  <system-out/>
  <testcase classname="studentApiTest.GetAPITests" name="getSingleVendor" time="0.699"/>
  <system-out/>
</testsuite> <!-- studentApiTest.GetAPITests -->
