<?xml version="1.0" encoding="UTF-8"?>
<!-- Generated by org.testng.reporters.JUnitReportReporter -->
<testsuite hostname="DESKTOP-1VAV4VA" failures="0" tests="10" name="studentApiTest.GetAPITests" time="5.352" errors="0" timestamp="2021-02-19T11:05:27 IST" skipped="0">
  <testcase classname="studentApiTest.GetAPITests" name="getSingleProduct" time="0.656"/>
  <system-out/>
  <testcase classname="studentApiTest.GetAPITests" name="getAllProducts" time="0.260"/>
  <system-out/>
  <testcase classname="studentApiTest.GetAPITests" name="getAllVendors" time="0.408"/>
  <system-out/>
  <testcase classname="studentApiTest.GetAPITests" name="getSingleItem" time="0.637"/>
  <system-out/>
  <testcase classname="studentApiTest.GetAPITests" name="getSingleVendor" time="0.651"/>
  <system-out/>
  <testcase classname="studentApiTest.GetAPITests" name="getItemDetails" time="0.235"/>
  <system-out/>
  <testcase classname="studentApiTest.GetAPITests" name="getCompanyName" time="0.203"/>
  <system-out/>
  <testcase classname="studentApiTest.GetAPITests" name="getAllCustomers" time="1.153"/>
  <system-out/>
  <testcase classname="studentApiTest.GetAPITests" name="getVendorDetails" time="0.206"/>
  <system-out/>
  <testcase classname="studentApiTest.GetAPITests" name="getSingleCustomer" time="0.943"/>
  <system-out/>
</testsuite> <!-- studentApiTest.GetAPITests -->
