<?xml version="1.0" encoding="UTF-8"?>
<!-- Generated by org.testng.reporters.JUnitReportReporter -->
<testsuite hostname="DESKTOP-1VAV4VA" failures="0" tests="1" name="baseTest.Authentication" time="0.060" errors="0" timestamp="2021-02-19T10:55:30 IST" skipped="0">
  <testcase classname="baseTest.Authentication" name="add" time="0.060"/>
  <system-out/>
</testsuite> <!-- baseTest.Authentication -->
