<?xml version="1.0" encoding="UTF-8"?>
<!-- Generated by org.testng.reporters.JUnitReportReporter -->
<testsuite hostname="DESKTOP-1VAV4VA" failures="0" tests="10" name="studentApiTest.GetAPITests" time="5.895" errors="0" timestamp="2021-02-18T16:45:46 IST" skipped="0">
  <testcase classname="studentApiTest.GetAPITests" name="getVendorDetails" time="0.220"/>
  <system-out/>
  <testcase classname="studentApiTest.GetAPITests" name="getSingleProduct" time="0.767"/>
  <system-out/>
  <testcase classname="studentApiTest.GetAPITests" name="getSingleVendor" time="0.752"/>
  <system-out/>
  <testcase classname="studentApiTest.GetAPITests" name="getAllProducts" time="0.265"/>
  <system-out/>
  <testcase classname="studentApiTest.GetAPITests" name="getSingleItem" time="0.812"/>
  <system-out/>
  <testcase classname="studentApiTest.GetAPITests" name="getAllVendors" time="0.433"/>
  <system-out/>
  <testcase classname="studentApiTest.GetAPITests" name="getItemDetails" time="0.255"/>
  <system-out/>
  <testcase classname="studentApiTest.GetAPITests" name="getCompanyName" time="0.233"/>
  <system-out/>
  <testcase classname="studentApiTest.GetAPITests" name="getSingleCustomer" time="1.084"/>
  <system-out/>
  <testcase classname="studentApiTest.GetAPITests" name="getAllCustomers" time="1.074"/>
  <system-out/>
</testsuite> <!-- studentApiTest.GetAPITests -->
