<?xml version="1.0" encoding="UTF-8"?>
<!-- Generated by org.testng.reporters.JUnitReportReporter -->
<testsuite hostname="DESKTOP-1VAV4VA" failures="0" tests="2" name="studentApiTest.PutAPITest" time="1.301" errors="0" timestamp="2021-02-19T11:05:27 IST" skipped="0">
  <testcase classname="studentApiTest.PutAPITest" name="putVendor" time="0.652"/>
  <system-out/>
  <testcase classname="studentApiTest.PutAPITest" name="putProduct" time="0.649"/>
  <system-out/>
</testsuite> <!-- studentApiTest.PutAPITest -->
