<?xml version="1.0" encoding="UTF-8"?>
<!-- Generated by org.testng.reporters.JUnitReportReporter -->
<testsuite hostname="DESKTOP-1VAV4VA" failures="0" tests="1" name="baseTest.BaseTest" time="0.007" errors="0" timestamp="2021-01-28T17:57:44 IST" skipped="0">
  <testcase classname="baseTest.BaseTest" name="baseTest" time="0.007"/>
  <system-out/>
</testsuite> <!-- baseTest.BaseTest -->
